
Showing logs for build [32mcb-kubecd-bdd-spring-1584778921-n5ddr-1[0m stage [32mfrom-build-pack[0m and container [32mstep-credential-initializer-wms8q[0m
{"level":"warn","ts":1584779068.3226666,"logger":"fallback-logger","caller":"logging/config.go:69","msg":"Fetch GitHub commit ID from kodata failed: \"ref: refs/heads/0.8.0-**-support-backwards-incompats\" is not a valid GitHub commit ID"}
{"level":"info","ts":1584779068.3235364,"logger":"fallback-logger","caller":"creds-init/main.go:40","msg":"Credentials initialized."}

Showing logs for build [32mcb-kubecd-bdd-spring-1584778921-n5ddr-1[0m stage [32mfrom-build-pack[0m and container [32mstep-working-dir-initializer-7m64v[0m
{"level":"warn","ts":1584779069.656635,"logger":"fallback-logger","caller":"logging/config.go:69","msg":"Fetch GitHub commit ID from kodata failed: open /var/run/ko/HEAD: no such file or directory"}
{"level":"info","ts":1584779069.660167,"logger":"fallback-logger","caller":"bash/main.go:64","msg":"Successfully executed command \"sh -c mkdir -p /workspace/source\"; output "}

Showing logs for build [32mcb-kubecd-bdd-spring-1584778921-n5ddr-1[0m stage [32mfrom-build-pack[0m and container [32mstep-place-tools[0m

Showing logs for build [32mcb-kubecd-bdd-spring-1584778921-n5ddr-1[0m stage [32mfrom-build-pack[0m and container [32mstep-git-source-cb-kubecd-bdd-spring-1584778921-n5ddr-w4lsc[0m
{"level":"warn","ts":1584779078.7313805,"logger":"fallback-logger","caller":"logging/config.go:69","msg":"Fetch GitHub commit ID from kodata failed: \"ref: refs/heads/0.8.0-**-support-backwards-incompats\" is not a valid GitHub commit ID"}
{"level":"info","ts":1584779079.9080698,"logger":"fallback-logger","caller":"git/git.go:103","msg":"Successfully cloned https://github.com/cb-kubecd/bdd-spring-1584778921.git @ v0.0.1 in path /workspace/source"}

Showing logs for build [32mcb-kubecd-bdd-spring-1584778921-n5ddr-1[0m stage [32mfrom-build-pack[0m and container [32mstep-git-merge[0m
Using SHAs from PULL_REFS=master:30ddeebcb3f68cfac1d1cd12d202451eb5295f30
WARNING: no SHAs to merge, falling back to initial cloned commit

Showing logs for build [32mcb-kubecd-bdd-spring-1584778921-n5ddr-1[0m stage [32mfrom-build-pack[0m and container [32mstep-setup-jx-git-credentials[0m
Generated Git credentials file /workspace/xdg_config/git/credentials

Showing logs for build [32mcb-kubecd-bdd-spring-1584778921-n5ddr-1[0m stage [32mfrom-build-pack[0m and container [32mstep-build-mvn-deploy[0m
Picked up _JAVA_OPTIONS: -XX:+UnlockExperimentalVMOptions -XX:+UseCGroupMemoryLimitForHeap -Dsun.zip.disableMemoryMapping=true -XX:+UseParallelGC -XX:MinHeapFreeRatio=5 -XX:MaxHeapFreeRatio=10 -XX:GCTimeRatio=4 -XX:AdaptiveSizePolicyWeight=90 -Xms10m -Xmx192m
OpenJDK 64-Bit Server VM warning: If the number of processors is expected to increase from one, then you should configure the number of parallel GC threads appropriately using -XX:ParallelGCThreads=N
[INFO] Scanning for projects...
[INFO] 
[INFO] -----------------< com.example:bdd-spring-1584778921 >------------------
[INFO] Building demo 0.0.1
[INFO] --------------------------------[ jar ]---------------------------------
[INFO] 
[INFO] --- maven-clean-plugin:3.1.0:clean (default-clean) @ bdd-spring-1584778921 ---
[INFO] 
[INFO] --- maven-resources-plugin:3.1.0:resources (default-resources) @ bdd-spring-1584778921 ---
[INFO] Using 'UTF-8' encoding to copy filtered resources.
[INFO] Copying 1 resource
[INFO] Copying 0 resource
[INFO] 
[INFO] --- maven-compiler-plugin:3.8.1:compile (default-compile) @ bdd-spring-1584778921 ---
[INFO] Changes detected - recompiling the module!
[INFO] Compiling 1 source file to /workspace/source/target/classes
[INFO] 
[INFO] --- maven-resources-plugin:3.1.0:testResources (default-testResources) @ bdd-spring-1584778921 ---
[INFO] Using 'UTF-8' encoding to copy filtered resources.
[INFO] skip non existing resourceDirectory /workspace/source/src/test/resources
[INFO] 
[INFO] --- maven-compiler-plugin:3.8.1:testCompile (default-testCompile) @ bdd-spring-1584778921 ---
[INFO] Changes detected - recompiling the module!
[INFO] Compiling 1 source file to /workspace/source/target/test-classes
[INFO] 
[INFO] --- maven-surefire-plugin:3.0.0-M1:test (default-test) @ bdd-spring-1584778921 ---
[INFO] 
[INFO] -------------------------------------------------------
[INFO]  T E S T S
[INFO] -------------------------------------------------------
[INFO] Running com.example.bddspring1584778921.DemoApplicationTests
08:25:14.262 [main] DEBUG org.springframework.test.context.BootstrapUtils - Instantiating CacheAwareContextLoaderDelegate from class [org.springframework.test.context.cache.DefaultCacheAwareContextLoaderDelegate]
08:25:14.288 [main] DEBUG org.springframework.test.context.BootstrapUtils - Instantiating BootstrapContext using constructor [public org.springframework.test.context.support.DefaultBootstrapContext(java.lang.Class,org.springframework.test.context.CacheAwareContextLoaderDelegate)]
08:25:14.444 [main] DEBUG org.springframework.test.context.BootstrapUtils - Instantiating TestContextBootstrapper for test class [com.example.bddspring1584778921.DemoApplicationTests] from class [org.springframework.boot.test.context.SpringBootTestContextBootstrapper]
08:25:14.478 [main] INFO org.springframework.boot.test.context.SpringBootTestContextBootstrapper - Neither @ContextConfiguration nor @ContextHierarchy found for test class [com.example.bddspring1584778921.DemoApplicationTests], using SpringBootContextLoader
08:25:14.486 [main] DEBUG org.springframework.test.context.support.AbstractContextLoader - Did not detect default resource location for test class [com.example.bddspring1584778921.DemoApplicationTests]: class path resource [com/example/bddspring1584778921/DemoApplicationTests-context.xml] does not exist
08:25:14.487 [main] DEBUG org.springframework.test.context.support.AbstractContextLoader - Did not detect default resource location for test class [com.example.bddspring1584778921.DemoApplicationTests]: class path resource [com/example/bddspring1584778921/DemoApplicationTestsContext.groovy] does not exist
08:25:14.488 [main] INFO org.springframework.test.context.support.AbstractContextLoader - Could not detect default resource locations for test class [com.example.bddspring1584778921.DemoApplicationTests]: no resource found for suffixes {-context.xml, Context.groovy}.
08:25:14.488 [main] INFO org.springframework.test.context.support.AnnotationConfigContextLoaderUtils - Could not detect default configuration classes for test class [com.example.bddspring1584778921.DemoApplicationTests]: DemoApplicationTests does not declare any static, non-private, non-final, nested classes annotated with @Configuration.
08:25:14.649 [main] DEBUG org.springframework.test.context.support.ActiveProfilesUtils - Could not find an 'annotation declaring class' for annotation type [org.springframework.test.context.ActiveProfiles] and class [com.example.bddspring1584778921.DemoApplicationTests]
08:25:14.799 [main] DEBUG org.springframework.context.annotation.ClassPathScanningCandidateComponentProvider - Identified candidate component class: file [/workspace/source/target/classes/com/example/bddspring1584778921/DemoApplication.class]
08:25:14.801 [main] INFO org.springframework.boot.test.context.SpringBootTestContextBootstrapper - Found @SpringBootConfiguration com.example.bddspring1584778921.DemoApplication for test class com.example.bddspring1584778921.DemoApplicationTests
08:25:15.065 [main] DEBUG org.springframework.boot.test.context.SpringBootTestContextBootstrapper - @TestExecutionListeners is not present for class [com.example.bddspring1584778921.DemoApplicationTests]: using defaults.
08:25:15.066 [main] INFO org.springframework.boot.test.context.SpringBootTestContextBootstrapper - Loaded default TestExecutionListener class names from location [META-INF/spring.factories]: [org.springframework.boot.test.mock.mockito.MockitoTestExecutionListener, org.springframework.boot.test.mock.mockito.ResetMocksTestExecutionListener, org.springframework.boot.test.autoconfigure.restdocs.RestDocsTestExecutionListener, org.springframework.boot.test.autoconfigure.web.client.MockRestServiceServerResetTestExecutionListener, org.springframework.boot.test.autoconfigure.web.servlet.MockMvcPrintOnlyOnFailureTestExecutionListener, org.springframework.boot.test.autoconfigure.web.servlet.WebDriverTestExecutionListener, org.springframework.test.context.web.ServletTestExecutionListener, org.springframework.test.context.support.DirtiesContextBeforeModesTestExecutionListener, org.springframework.test.context.support.DependencyInjectionTestExecutionListener, org.springframework.test.context.support.DirtiesContextTestExecutionListener, org.springframework.test.context.transaction.TransactionalTestExecutionListener, org.springframework.test.context.jdbc.SqlScriptsTestExecutionListener, org.springframework.test.context.event.EventPublishingTestExecutionListener]
08:25:15.083 [main] DEBUG org.springframework.boot.test.context.SpringBootTestContextBootstrapper - Skipping candidate TestExecutionListener [org.springframework.test.context.transaction.TransactionalTestExecutionListener] due to a missing dependency. Specify custom listener classes or make the default listener classes and their required dependencies available. Offending class: [org/springframework/transaction/TransactionDefinition]
08:25:15.084 [main] DEBUG org.springframework.boot.test.context.SpringBootTestContextBootstrapper - Skipping candidate TestExecutionListener [org.springframework.test.context.jdbc.SqlScriptsTestExecutionListener] due to a missing dependency. Specify custom listener classes or make the default listener classes and their required dependencies available. Offending class: [org/springframework/transaction/interceptor/TransactionAttribute]
08:25:15.085 [main] INFO org.springframework.boot.test.context.SpringBootTestContextBootstrapper - Using TestExecutionListeners: [org.springframework.test.context.web.ServletTestExecutionListener@505fc5a4, org.springframework.test.context.support.DirtiesContextBeforeModesTestExecutionListener@5fbdfdcf, org.springframework.boot.test.mock.mockito.MockitoTestExecutionListener@4efc180e, org.springframework.boot.test.autoconfigure.SpringBootDependencyInjectionTestExecutionListener@bd4dc25, org.springframework.test.context.support.DirtiesContextTestExecutionListener@25084a1e, org.springframework.test.context.event.EventPublishingTestExecutionListener@156b88f5, org.springframework.boot.test.mock.mockito.ResetMocksTestExecutionListener@3bf9ce3e, org.springframework.boot.test.autoconfigure.restdocs.RestDocsTestExecutionListener@16610890, org.springframework.boot.test.autoconfigure.web.client.MockRestServiceServerResetTestExecutionListener@71def8f8, org.springframework.boot.test.autoconfigure.web.servlet.MockMvcPrintOnlyOnFailureTestExecutionListener@383bfa16, org.springframework.boot.test.autoconfigure.web.servlet.WebDriverTestExecutionListener@4d465b11]
08:25:15.100 [main] DEBUG org.springframework.test.context.support.AbstractDirtiesContextTestExecutionListener - Before test class: context [DefaultTestContext@169e6180 testClass = DemoApplicationTests, testInstance = [null], testMethod = [null], testException = [null], mergedContextConfiguration = [WebMergedContextConfiguration@35aea049 testClass = DemoApplicationTests, locations = '{}', classes = '{class com.example.bddspring1584778921.DemoApplication}', contextInitializerClasses = '[]', activeProfiles = '{}', propertySourceLocations = '{}', propertySourceProperties = '{org.springframework.boot.test.context.SpringBootTestContextBootstrapper=true}', contextCustomizers = set[org.springframework.boot.test.context.filter.ExcludeFilterContextCustomizer@769e7ee8, org.springframework.boot.test.json.DuplicateJsonObjectContextCustomizerFactory$DuplicateJsonObjectContextCustomizer@6193932a, org.springframework.boot.test.mock.mockito.MockitoContextCustomizer@0, org.springframework.boot.test.web.client.TestRestTemplateContextCustomizer@4b5a5ed1, org.springframework.boot.test.autoconfigure.properties.PropertyMappingContextCustomizer@0, org.springframework.boot.test.autoconfigure.web.servlet.WebDriverContextCustomizerFactory$Customizer@7880cdf3], resourceBasePath = 'src/main/webapp', contextLoader = 'org.springframework.boot.test.context.SpringBootContextLoader', parent = [null]], attributes = map['org.springframework.test.context.web.ServletTestExecutionListener.activateListener' -> true]], class annotated with @DirtiesContext [false] with mode [null].
08:25:15.239 [main] DEBUG org.springframework.test.context.support.TestPropertySourceUtils - Adding inlined properties to environment: {spring.jmx.enabled=false, org.springframework.boot.test.context.SpringBootTestContextBootstrapper=true, server.port=-1}

  .   ____          _            __ _ _
 /\\ / ___'_ __ _ _(_)_ __  __ _ \ \ \ \
( ( )\___ | '_ | '_| | '_ \/ _` | \ \ \ \
 \\/  ___)| |_)| | | | | || (_| |  ) ) ) )
  '  |____| .__|_| |_|_| |_\__, | / / / /
 =========|_|==============|___/=/_/_/_/
 :: Spring Boot ::        (v2.2.5.RELEASE)

2020-03-21 08:25:15.970  INFO 69 --- [           main] c.e.b.DemoApplicationTests               : Starting DemoApplicationTests on cb-kubecd-bdd-spring-1584778921-n5ddr-1-from-build-pack-w4vd9-p with PID 69 (started by root in /workspace/source)
2020-03-21 08:25:15.987  INFO 69 --- [           main] c.e.b.DemoApplicationTests               : No active profile set, falling back to default profiles: default
2020-03-21 08:25:23.777  INFO 69 --- [           main] o.s.s.concurrent.ThreadPoolTaskExecutor  : Initializing ExecutorService 'applicationTaskExecutor'
2020-03-21 08:25:25.442  INFO 69 --- [           main] o.s.b.a.e.web.EndpointLinksResolver      : Exposing 2 endpoint(s) beneath base path '/actuator'
2020-03-21 08:25:25.832  INFO 69 --- [           main] c.e.b.DemoApplicationTests               : Started DemoApplicationTests in 10.521 seconds (JVM running for 13.384)
[INFO] Tests run: 1, Failures: 0, Errors: 0, Skipped: 0, Time elapsed: 12.516 s - in com.example.bddspring1584778921.DemoApplicationTests
2020-03-21 08:25:26.655  INFO 69 --- [extShutdownHook] o.s.s.concurrent.ThreadPoolTaskExecutor  : Shutting down ExecutorService 'applicationTaskExecutor'
[INFO] 
[INFO] Results:
[INFO] 
[INFO] Tests run: 1, Failures: 0, Errors: 0, Skipped: 0
[INFO] 
[INFO] 
[INFO] --- maven-jar-plugin:3.1.2:jar (default-jar) @ bdd-spring-1584778921 ---
[INFO] Building jar: /workspace/source/target/bdd-spring-1584778921-0.0.1.jar
[INFO] 
[INFO] --- spring-boot-maven-plugin:2.2.5.RELEASE:repackage (repackage) @ bdd-spring-1584778921 ---
[INFO] Replacing main artifact with repackaged archive
[INFO] 
[INFO] --- maven-install-plugin:2.5.2:install (default-install) @ bdd-spring-1584778921 ---
[INFO] Installing /workspace/source/target/bdd-spring-1584778921-0.0.1.jar to /home/jenkins/.mvnrepository/com/example/bdd-spring-1584778921/0.0.1/bdd-spring-1584778921-0.0.1.jar
[INFO] Installing /workspace/source/pom.xml to /home/jenkins/.mvnrepository/com/example/bdd-spring-1584778921/0.0.1/bdd-spring-1584778921-0.0.1.pom
[INFO] 
[INFO] --- maven-deploy-plugin:2.8.2:deploy (default-deploy) @ bdd-spring-1584778921 ---
[INFO] Using alternate deployment repository local-nexus::default::http://nexus/repository/maven-releases/
[INFO] ------------------------------------------------------------------------
[INFO] BUILD SUCCESS
[INFO] ------------------------------------------------------------------------
[INFO] Total time:  53.486 s
[INFO] Finished at: 2020-03-21T08:25:37Z
[INFO] ------------------------------------------------------------------------

Showing logs for build [32mcb-kubecd-bdd-spring-1584778921-n5ddr-1[0m stage [32mfrom-build-pack[0m and container [32mstep-build-skaffold-version[0m
v1.0.1

Showing logs for build [32mcb-kubecd-bdd-spring-1584778921-n5ddr-1[0m stage [32mfrom-build-pack[0m and container [32mstep-build-container-build[0m
[36mINFO[0m[0000] Downloading base image openjdk:8-jdk-slim    
ERROR: logging before flag.Parse: E0321 08:25:39.558105      11 metadata.go:142] while reading 'google-dockercfg' metadata: http status code: 404 while fetching url http://metadata.google.internal./computeMetadata/v1/instance/attributes/google-dockercfg
ERROR: logging before flag.Parse: E0321 08:25:39.560690      11 metadata.go:159] while reading 'google-dockercfg-url' metadata: http status code: 404 while fetching url http://metadata.google.internal./computeMetadata/v1/instance/attributes/google-dockercfg-url
2020/03/21 08:25:39 No matching credentials were found, falling back on anonymous
[36mINFO[0m[0001] Error while retrieving image from cache: getting file info: stat /workspace/sha256:9a6201786a233a26fa84d1f61affddacab15e9cba06bb9cf0db38ec9c285773b: no such file or directory 
[36mINFO[0m[0001] Downloading base image openjdk:8-jdk-slim    
2020/03/21 08:25:40 No matching credentials were found, falling back on anonymous
[36mINFO[0m[0002] cmd: EXPOSE                                  
[36mINFO[0m[0002] Adding exposed port: 8080/tcp                
[36mINFO[0m[0002] Using files from context: [/workspace/source/pom.xml] 
[36mINFO[0m[0002] Using files from context: [/workspace/source/target/bdd-spring-1584778921-0.0.1.jar] 
[36mINFO[0m[0002] Skipping unpacking as no commands require it. 
[36mINFO[0m[0002] Taking snapshot of full filesystem...        
[36mINFO[0m[0002] ENV PORT 8080                                
[36mINFO[0m[0002] No files changed in this command, skipping snapshotting. 
[36mINFO[0m[0002] ENV CLASSPATH /opt/lib                       
[36mINFO[0m[0002] No files changed in this command, skipping snapshotting. 
[36mINFO[0m[0002] EXPOSE 8080                                  
[36mINFO[0m[0002] cmd: EXPOSE                                  
[36mINFO[0m[0002] Adding exposed port: 8080/tcp                
[36mINFO[0m[0002] No files changed in this command, skipping snapshotting. 
[36mINFO[0m[0002] Using files from context: [/workspace/source/pom.xml] 
[36mINFO[0m[0002] COPY pom.xml target/lib* /opt/lib/           
[36mINFO[0m[0002] Taking snapshot of files...                  
[36mINFO[0m[0002] Using files from context: [/workspace/source/target/bdd-spring-1584778921-0.0.1.jar] 
[36mINFO[0m[0002] COPY target/*.jar /opt/app.jar               
[36mINFO[0m[0002] Taking snapshot of files...                  
[36mINFO[0m[0002] WORKDIR /opt                                 
[36mINFO[0m[0002] cmd: workdir                                 
[36mINFO[0m[0002] Changed working directory to /opt            
[36mINFO[0m[0002] No files changed in this command, skipping snapshotting. 
[36mINFO[0m[0002] CMD ["java", "-XX:+UnlockExperimentalVMOptions", "-XX:+UseCGroupMemoryLimitForHeap", "-jar", "app.jar"] 
[36mINFO[0m[0002] No files changed in this command, skipping snapshotting. 
2020/03/21 08:25:42 existing blob: sha256:1036c6da18fe8ac7f046061bc1cc870d2a1608caceded73416ec139bae64a0c6
2020/03/21 08:25:42 existing blob: sha256:68ced04f60ab5c7a5f1d0b0b4e7572c5a4c8cce44866513d30d9df1a15277d6b
2020/03/21 08:25:42 existing blob: sha256:4874c5772968dcab87c114bee2baf2c7e9a06dda36e63bdfeab71bd4d6f02890
2020/03/21 08:25:42 existing blob: sha256:cd812b6e86d2716865163d0858b828d2adbce541cd7b2f057ec5a461f0ac4301
2020/03/21 08:25:46 pushed blob: sha256:d3277241f128afee9e628c0fb89700f0a8e4484c49e7246e12fb684b60a375f5
2020/03/21 08:25:46 pushed blob: sha256:b3b2589771f20c1e305bccb79da192b4b6904c9a4e1320e5a69e9e4288e43dfe
2020/03/21 08:25:47 pushed blob: sha256:64fd72a84263c35152b3080c31b95b9af543ebe0037148f86d7669efcf949a9c
2020/03/21 08:25:49 gcr.io/jenkins-x-bdd3/bdd-spring-1584778921:0.0.1: digest: sha256:49f56e89ffb752b1016191a794a720055b4f04f08c326ae9c08eb69e870d7bd0 size: 1244

Showing logs for build [32mcb-kubecd-bdd-spring-1584778921-n5ddr-1[0m stage [32mfrom-build-pack[0m and container [32mstep-build-post-build[0m
no CVE provider running in the current ** namespace so skip adding image to be analysed

Showing logs for build [32mcb-kubecd-bdd-spring-1584778921-n5ddr-1[0m stage [32mfrom-build-pack[0m and container [32mstep-promote-changelog[0m
Converted /workspace/source/charts/bdd-spring-1584778921 to an unshallow repository
Generating change log from git ref cb389c7dd6ee72d7b70f5c73bc90c32c8c67e0e7 => d3af5e1ac0543bdcada043eef1f960e4893d2332
Associating user x-0 in users.jenkins.io with email c**d-bot@cloudbees.com to git GitProvider user with login -0 as emails match
Adding label jenkins.io/git-github-userid=-0 to user x-0 in users.jenkins.io
WARNING: Failed to enrich commit 30ddeebcb3f68cfac1d1cd12d202451eb5295f30 with issues: User.jenkins.io "x-0" is invalid: metadata.labels: Invalid value: "-0": a valid label must be an empty string or consist of alphanumeric characters, '-', '_' or '.', and must start and end with an alphanumeric character (e.g. 'MyValue',  or 'my_value',  or '12345', regex used for validation is '(([A-Za-z0-9][-A-Za-z0-9_.]*)?[A-Za-z0-9])?')
Finding issues in commit messages using git format
Associating user x-0 in users.jenkins.io with email c**d-bot@cloudbees.com to git GitProvider user with login -0 as emails match
Adding label jenkins.io/git-github-userid=-0 to user x-0 in users.jenkins.io
WARNING: Failed to enrich commit f7c30737c65f115bdf64f82f1d1ebbda6410b7a1 with issues: User.jenkins.io "x-0" is invalid: metadata.labels: Invalid value: "-0": a valid label must be an empty string or consist of alphanumeric characters, '-', '_' or '.', and must start and end with an alphanumeric character (e.g. 'MyValue',  or 'my_value',  or '12345', regex used for validation is '(([A-Za-z0-9][-A-Za-z0-9_.]*)?[A-Za-z0-9])?')
Associating user x-0 in users.jenkins.io with email c**d-bot@cloudbees.com to git GitProvider user with login -0 as emails match
Adding label jenkins.io/git-github-userid=-0 to user x-0 in users.jenkins.io
WARNING: Failed to enrich commit f7c30737c65f115bdf64f82f1d1ebbda6410b7a1 with issues: User.jenkins.io "x-0" is invalid: metadata.labels: Invalid value: "-0": a valid label must be an empty string or consist of alphanumeric characters, '-', '_' or '.', and must start and end with an alphanumeric character (e.g. 'MyValue',  or 'my_value',  or '12345', regex used for validation is '(([A-Za-z0-9][-A-Za-z0-9_.]*)?[A-Za-z0-9])?')
WARNING: No release found for cb-kubecd/bdd-spring-1584778921 and tag v0.0.1 so creating a new release
Updated the release information at https://github.com/cb-kubecd/bdd-spring-1584778921/releases/tag/v0.0.1
generated: /workspace/source/charts/bdd-spring-1584778921/templates/release.yaml
Created Release bdd-spring-1584778921-0-0-1 resource in namespace **
Updating PipelineActivity cb-kubecd-bdd-spring-1584778921-master-1 with version 0.0.1
Updated PipelineActivities cb-kubecd-bdd-spring-1584778921-master-1 with release notes URL: https://github.com/cb-kubecd/bdd-spring-1584778921/releases/tag/v0.0.1

Showing logs for build [32mcb-kubecd-bdd-spring-1584778921-n5ddr-1[0m stage [32mfrom-build-pack[0m and container [32mstep-promote-helm-release[0m
WARNING: No $CHART_REPOSITORY defined so using the default value of: http://jenkins-x-chartmuseum:8080
Adding missing Helm repo: storage.googleapis.com https://storage.googleapis.com/chartmuseum.jenkins-x.io
WARNING: No secrets found on "helm/repos" due: reading the secret "helm/repos" from vault: no secret "helm/repos" not found in vault
Read credentials for https://storage.googleapis.com/chartmuseum.jenkins-x.io from vault helm/repos
Successfully added Helm repository storage.googleapis.com.
Adding missing Helm repo: jenkins-x-chartmuseum http://jenkins-x-chartmuseum:8080
WARNING: No secrets found on "helm/repos" due: reading the secret "helm/repos" from vault: no secret "helm/repos" not found in vault
Read credentials for http://jenkins-x-chartmuseum:8080 from vault helm/repos
Successfully added Helm repository jenkins-x-chartmuseum.
WARNING: No $CHART_REPOSITORY defined so using the default value of: http://jenkins-x-chartmuseum:8080
Uploading chart file bdd-spring-1584778921-0.0.1.tgz to http://jenkins-x-chartmuseum:8080/api/charts
Received 201 response: {"saved":true}

Showing logs for build [32mcb-kubecd-bdd-spring-1584778921-n5ddr-1[0m stage [32mfrom-build-pack[0m and container [32mstep-promote-jx-promote[0m
WARNING: prow based install so skip waiting for the merge of Pull Requests to go green as currently there is an issue with gettingstatuses from the PR, see https://github.com/jenkins-x/**/issues/2410
WARNING: No $CHART_REPOSITORY defined so using the default value of: http://jenkins-x-chartmuseum:8080
Promoting app bdd-spring-1584778921 version 0.0.1 to namespace **-staging
WARNING: 
WARNING: Waiting for the fork of c**d-bot-test/environment-pr-187-13-boot-gke-staging to appear...
Forked Git repository to https://github.com/*************/environment-pr-187-13-boot-gke-staging
Created Pull Request: https://github.com/cb-kubecd/environment-pr-187-13-boot-gke-staging/pull/1
Added label updatebot to Pull Request https://github.com/cb-kubecd/environment-pr-187-13-boot-gke-staging/pull/1
got git provider status pending from PR https://github.com/cb-kubecd/environment-pr-187-13-boot-gke-staging/pull/1
got git provider status pending from PR https://github.com/cb-kubecd/environment-pr-187-13-boot-gke-staging/pull/1
got git provider status pending from PR https://github.com/cb-kubecd/environment-pr-187-13-boot-gke-staging/pull/1
got git provider status pending from PR https://github.com/cb-kubecd/environment-pr-187-13-boot-gke-staging/pull/1
got git provider status pending from PR https://github.com/cb-kubecd/environment-pr-187-13-boot-gke-staging/pull/1
got git provider status pending from PR https://github.com/cb-kubecd/environment-pr-187-13-boot-gke-staging/pull/1
got git provider status pending from PR https://github.com/cb-kubecd/environment-pr-187-13-boot-gke-staging/pull/1
got git provider status pending from PR https://github.com/cb-kubecd/environment-pr-187-13-boot-gke-staging/pull/1
got git provider status pending from PR https://github.com/cb-kubecd/environment-pr-187-13-boot-gke-staging/pull/1
Pull Request https://github.com/cb-kubecd/environment-pr-187-13-boot-gke-staging/pull/1 is merged at sha 1f907bf65910989b05ac7d3bf605b150a2008af6
Pull Request merged but we are not waiting for the update pipeline to complete!
WARNING: Could not find the service URL in namespace **-staging for names bdd-spring-1584778921, **-bdd-spring-1584778921, **-staging-bdd-spring-1584778921
